2025-04-23 21:33:31 - Checking staging health...
2025-04-23 21:33:31 - Staging health check: FAILED (HTTP 000)
2025-04-23 21:33:31 - Checking production health...
2025-04-23 21:33:31 - Production health check: FAILED (HTTP 000)
2025-04-23 21:33:37 - Checking staging health...
2025-04-23 21:33:37 - Staging health check: FAILED (HTTP 000)
2025-04-23 21:33:37 - Checking production health...
2025-04-23 21:33:37 - Production health check: FAILED (HTTP 000)
2025-04-23 21:36:40 - Checking staging health...
2025-04-23 21:36:40 - Staging health check: FAILED (HTTP 000)
2025-04-23 21:36:40 - Checking production health...
2025-04-23 21:36:40 - Production health check: FAILED (HTTP 000)
2025-04-23 21:36:46 - Checking staging health...
2025-04-23 21:36:46 - Staging health check: FAILED (HTTP 000)
2025-04-23 21:36:46 - Checking production health...
2025-04-23 21:36:46 - Production health check: FAILED (HTTP 000)
2025-04-23 21:44:03 - Checking staging health...
2025-04-23 21:44:03 - Staging health check: FAILED (HTTP 000)
2025-04-23 21:44:03 - Checking production health...
2025-04-23 21:44:03 - Production health check: FAILED (HTTP 000)
2025-04-23 21:44:09 - Checking staging health...
2025-04-23 21:44:09 - Staging health check: FAILED (HTTP 000)
2025-04-23 21:44:09 - Checking production health...
2025-04-23 21:44:09 - Production health check: FAILED (HTTP 000)
2025-04-23 21:56:41 - Checking staging health...
2025-04-23 21:56:41 - Staging health check: FAILED (HTTP 000)
2025-04-23 21:56:41 - Checking production health...
2025-04-23 21:56:41 - Production health check: FAILED (HTTP 000)
2025-04-23 21:56:47 - Checking staging health...
2025-04-23 21:56:47 - Staging health check: FAILED (HTTP 000)
2025-04-23 21:56:47 - Checking production health...
2025-04-23 21:56:47 - Production health check: FAILED (HTTP 000)
2025-04-23 22:16:14 - Checking staging health...
2025-04-23 22:16:14 - Staging health check: SUCCESS (HTTP 200)
2025-04-23 22:16:14 - Checking production health...
2025-04-23 22:16:14 - Production health check: FAILED (HTTP 000)
2025-04-23 22:16:20 - Checking staging health...
2025-04-23 22:16:20 - Staging health check: SUCCESS (HTTP 200)
2025-04-23 22:16:20 - Checking production health...
2025-04-23 22:16:20 - Production health check: SUCCESS (HTTP 200)
